  main.cpp
C:\Users\nikit\OneDrive\Рабочий стол\Programming\C++\OOP C++ education\Templates\Templates\main.cpp(7,15): warning C4244: аргумент: преобразование "time_t" в "unsigned int", возможна потеря данных
C:\Users\nikit\OneDrive\Рабочий стол\Programming\C++\OOP C++ education\Templates\Templates\main.cpp(197,24): warning C4267: =: преобразование из "size_t" в "int"; возможна потеря данных
C:\Users\nikit\OneDrive\Рабочий стол\Programming\C++\OOP C++ education\Templates\Templates\MyArray.h(111,24): warning C4018: <: несоответствие типов со знаком и без знака
C:\Users\nikit\OneDrive\Рабочий стол\Programming\C++\OOP C++ education\Templates\Templates\MyArray.h(107): message : во время компиляции функции-члена класс шаблон "void MyArray<int>::PrintDev(void)"
C:\Users\nikit\OneDrive\Рабочий стол\Programming\C++\OOP C++ education\Templates\Templates\main.cpp(12): message : выполняется компиляция ссылки на экземпляр шаблон функции "void MyArray<int>::PrintDev(void)"
C:\Users\nikit\OneDrive\Рабочий стол\Programming\C++\OOP C++ education\Templates\Templates\main.cpp(9): message : выполняется компиляция ссылки на экземпляр класс шаблон функции "MyArray<int>"
C:\Users\nikit\OneDrive\Рабочий стол\Programming\C++\OOP C++ education\Templates\Templates\MyArray.h(183,26): warning C4018: <: несоответствие типов со знаком и без знака
C:\Users\nikit\OneDrive\Рабочий стол\Programming\C++\OOP C++ education\Templates\Templates\MyArray.h(157): message : во время компиляции функции-члена класс шаблон "void MyArray<int>::Add(T)"
          with
          [
              T=int
          ]
C:\Users\nikit\OneDrive\Рабочий стол\Programming\C++\OOP C++ education\Templates\Templates\main.cpp(45): message : выполняется компиляция ссылки на экземпляр шаблон функции "void MyArray<int>::Add(T)"
          with
          [
              T=int
          ]
C:\Users\nikit\OneDrive\Рабочий стол\Programming\C++\OOP C++ education\Templates\Templates\MyArray.h(214,28): warning C4018: <: несоответствие типов со знаком и без знака
C:\Users\nikit\OneDrive\Рабочий стол\Programming\C++\OOP C++ education\Templates\Templates\MyArray.h(206): message : во время компиляции функции-члена класс шаблон "void MyArray<int>::Append(const MyArray<int> &)"
C:\Users\nikit\OneDrive\Рабочий стол\Programming\C++\OOP C++ education\Templates\Templates\main.cpp(75): message : выполняется компиляция ссылки на экземпляр шаблон функции "void MyArray<int>::Append(const MyArray<int> &)"
C:\Users\nikit\OneDrive\Рабочий стол\Programming\C++\OOP C++ education\Templates\Templates\MyArray.h(253,12): warning C4018: >=: несоответствие типов со знаком и без знака
C:\Users\nikit\OneDrive\Рабочий стол\Programming\C++\OOP C++ education\Templates\Templates\MyArray.h(252): message : во время компиляции функции-члена класс шаблон "void MyArray<int>::InsertAt(T *,const int,int)"
          with
          [
              T=int
          ]
C:\Users\nikit\OneDrive\Рабочий стол\Programming\C++\OOP C++ education\Templates\Templates\main.cpp(88): message : выполняется компиляция ссылки на экземпляр шаблон функции "void MyArray<int>::InsertAt(T *,const int,int)"
          with
          [
              T=int
          ]
C:\Users\nikit\OneDrive\Рабочий стол\Programming\C++\OOP C++ education\Templates\Templates\MyArray.h(260,39): warning C4018: <: несоответствие типов со знаком и без знака
C:\Users\nikit\OneDrive\Рабочий стол\Programming\C++\OOP C++ education\Templates\Templates\MyArray.h(272,39): warning C4018: <: несоответствие типов со знаком и без знака
C:\Users\nikit\OneDrive\Рабочий стол\Programming\C++\OOP C++ education\Templates\Templates\MyArray.h(89,1): warning C4267: аргумент: преобразование из "size_t" в "int"; возможна потеря данных
C:\Users\nikit\OneDrive\Рабочий стол\Programming\C++\OOP C++ education\Templates\Templates\MyArray.h(89): message : во время компиляции функции-члена класс шаблон "MyArray<Point<int>>::MyArray(const std::initializer_list<T> &)"
          with
          [
              T=Point<int>
          ]
C:\Users\nikit\OneDrive\Рабочий стол\Programming\C++\OOP C++ education\Templates\Templates\main.cpp(163): message : выполняется компиляция ссылки на экземпляр шаблон функции "MyArray<Point<int>>::MyArray(const std::initializer_list<T> &)"
          with
          [
              T=Point<int>
          ]
C:\Users\nikit\OneDrive\Рабочий стол\Programming\C++\OOP C++ education\Templates\Templates\main.cpp(120): message : выполняется компиляция ссылки на экземпляр класс шаблон функции "MyArray<Point<int>>"
C:\Users\nikit\OneDrive\Рабочий стол\Programming\C++\OOP C++ education\Templates\Templates\MyArray.h(395,25): warning C4018: <: несоответствие типов со знаком и без знака
C:\Users\nikit\OneDrive\Рабочий стол\Programming\C++\OOP C++ education\Templates\Templates\MyArray.h(384): message : во время компиляции функции-члена класс шаблон "MyArray<int> &MyArray<int>::operator =(const MyArray<int> &)"
C:\Users\nikit\OneDrive\Рабочий стол\Programming\C++\OOP C++ education\Templates\Templates\MyArray.h(219): message : выполняется компиляция ссылки на экземпляр шаблон функции "MyArray<int> &MyArray<int>::operator =(const MyArray<int> &)"
C:\Users\nikit\OneDrive\Рабочий стол\Programming\C++\OOP C++ education\Templates\Templates\MyArray.h(74): message : во время компиляции функции-члена класс шаблон "MyArray<int>::MyArray(int)"
C:\Users\nikit\OneDrive\Рабочий стол\Programming\C++\OOP C++ education\Templates\Templates\main.cpp(9): message : выполняется компиляция ссылки на экземпляр шаблон функции "MyArray<int>::MyArray(int)"
  Templates.vcxproj -> C:\Users\nikit\OneDrive\Рабочий стол\Programming\C++\OOP C++ education\Templates\x64\Debug\Templates.exe
